This is XeTeX, Version 3.141592653-2.6-0.999997 (TeX Live 2025) (preloaded format=xelatex 2025.6.28)  27 MAY 2026 19:47
entering extended mode
 restricted \write18 enabled.
 %&-line parsing enabled.
**main_templete.tex
(./main_templete.tex
LaTeX2e <2025-06-01> patch level 1
L3 programming layer <2025-06-09>
(./CjC.cls
Document Class: CjC 2019/01/01 v0.1 CjC LaTeX Chinese template class
(/usr/local/texlive/2025/texmf-dist/tex/latex/base/article.cls
Document Class: article 2025/01/22 v1.4n Standard LaTeX document class
(/usr/local/texlive/2025/texmf-dist/tex/latex/base/size10.clo
File: size10.clo 2025/01/22 v1.4n Standard LaTeX file (size option)
)
\c@part=\count271
\c@section=\count272
\c@subsection=\count273
\c@subsubsection=\count274
\c@paragraph=\count275
\c@subparagraph=\count276
\c@figure=\count277
\c@table=\count278
\abovecaptionskip=\skip49
\belowcaptionskip=\skip50
\bibindent=\dimen148
)
(/usr/local/texlive/2025/texmf-dist/tex/latex/base/ifthen.sty
Package: ifthen 2024/03/16 v1.1e Standard LaTeX ifthen package (DPC)
)
(/usr/local/texlive/2025/texmf-dist/tex/latex/sttools/flushend.sty
Package: flushend 2025/06/18 v4.3 Balancing columns in twocolumn mode (ST)
\flushend@@lastskip@a=\skip51
\flushend@@lastskip@b=\skip52
\flushend@@lastnode=\count279
\var@@loop@iter=\count280
\var@@temp@spread=\dimen149
\var@@temp@a=\dimen150
\var@@temp@loop=\dimen151
\flushend@@page@rule=\dimen152
\flushend@@varbox@lastpage=\box53
\flushend@@varbox@a=\box54
\flushend@@varbox@c=\box55
\flushend@@tempbox@a=\box56
\flushend@@tempbox@c=\box57
\flushend@@floatbox=\box58
\@viper=\box59
\hold@viper=\box60
\atColsBreak=\toks17
\atColsEnd=\toks18
\oldbreak@skip=\dimen153
)
(/usr/local/texlive/2025/texmf-dist/tex/latex/graphics/graphicx.sty
Package: graphicx 2024/12/31 v1.2e Enhanced LaTeX Graphics (DPC,SPQR)

(/usr/local/texlive/2025/texmf-dist/tex/latex/graphics/keyval.sty
Package: keyval 2022/05/29 v1.15 key=value parser (DPC)
\KV@toks@=\toks19
)
(/usr/local/texlive/2025/texmf-dist/tex/latex/graphics/graphics.sty
Package: graphics 2024/08/06 v1.4g Standard LaTeX Graphics (DPC,SPQR)

(/usr/local/texlive/2025/texmf-dist/tex/latex/graphics/trig.sty
Package: trig 2023/12/02 v1.11 sin cos tan (DPC)
)
(/usr/local/texlive/2025/texmf-dist/tex/latex/graphics-cfg/graphics.cfg
File: graphics.cfg 2016/06/04 v1.11 sample graphics configuration
)
Package graphics Info: Driver file: xetex.def on input line 106.

(/usr/local/texlive/2025/texmf-dist/tex/latex/graphics-def/xetex.def
File: xetex.def 2022/09/22 v5.0n Graphics/color driver for xetex
))
\Gin@req@height=\dimen154
\Gin@req@width=\dimen155
)
(/usr/local/texlive/2025/texmf-dist/tex/latex/psnfss/times.sty
Package: times 2020/03/25 PSNFSS-v9.3 (SPQR) 
) (./picins.sty
Option `picins' Version 3.0 Sep. 1992, TH Darmstadt/HRZ
\@BILD=\box61
\@TEXT=\box62
\d@breite=\dimen156
\d@hoehe=\dimen157
\d@xoff=\dimen158
\d@yoff=\dimen159
\d@shad=\dimen160
\d@dash=\dimen161
\d@boxl=\dimen162
\d@pichskip=\dimen163
\d@tmp=\dimen164
\d@tmpa=\dimen165
\d@bskip=\dimen166
\hsiz@=\dimen167
\p@getot@l=\dimen168
\c@breite=\count281
\c@hoehe=\count282
\c@xoff=\count283
\c@yoff=\count284
\c@pos=\count285
\c@shad=\count286
\c@dash=\count287
\c@boxl=\count288
\c@zeilen=\count289
\@changemode=\count290
\c@piccaption=\count291
\c@piccaptionpos=\count292
\c@picpos=\count293
\c@whole=\count294
\c@half=\count295
\c@tmp=\count296
\c@tmpa=\count297
\c@tmpb=\count298
\c@tmpc=\count299
\c@tmpd=\count300
\d@leftskip=\skip53
\ptoti=\dimen169
\ptotii=\dimen170
\env@box=\box63
\d@envdp=\dimen171
\c@hsize=\count301
\c@envdp=\count302
\d@envb=\dimen172
)
(/usr/local/texlive/2025/texmf-dist/tex/latex/ccaption/ccaption.sty
Package: ccaption 2011/08/07 v3.2c Extended captioning and new floats
\@contcwidth=\skip54
\@contindw=\skip55
\abovelegendskip=\skip56
\belowlegendskip=\skip57
\c@newflo@tctr=\count303
)
(/usr/local/texlive/2025/texmf-dist/tex/latex/tools/calc.sty
Package: calc 2025/03/01 v4.3b Infix arithmetic (KKT,FJ)
\calc@Acount=\count304
\calc@Bcount=\count305
\calc@Adimen=\dimen173
\calc@Bdimen=\dimen174
\calc@Askip=\skip58
\calc@Bskip=\skip59
LaTeX Info: Redefining \setlength on input line 86.
LaTeX Info: Redefining \addtolength on input line 87.
\calc@Ccount=\count306
\calc@Cskip=\skip60
)
\CjC@linespace=\skip61
)
(/usr/local/texlive/2025/texmf-dist/tex/latex/tools/bm.sty
Package: bm 2023/12/19 v1.2f Bold Symbol Support (DPC/FMi)
\symboldoperators=\mathgroup4
\symboldletters=\mathgroup5
\symboldsymbols=\mathgroup6
Package bm Info: No bold for \OMX/cmex/m/n, using \pmb.
LaTeX Font Info:    Redeclaring math alphabet \mathbf on input line 149.
)
(/usr/local/texlive/2025/texmf-dist/tex/xelatex/xecjk/xeCJK.sty
(/usr/local/texlive/2025/texmf-dist/tex/latex/l3kernel/expl3.sty
Package: expl3 2025-06-09 L3 programming layer (loader) 

(/usr/local/texlive/2025/texmf-dist/tex/latex/l3backend/l3backend-xetex.def
File: l3backend-xetex.def 2025-06-09 L3 backend support: XeTeX
\g__graphics_track_int=\count307
\g__pdfannot_backend_int=\count308
\g__pdfannot_backend_link_int=\count309
))
Package: xeCJK 2022/08/05 v3.9.1 Typesetting CJK scripts with XeLaTeX

(/usr/local/texlive/2025/texmf-dist/tex/latex/ctex/ctexhook.sty
Package: ctexhook 2022/07/14 v2.5.10 Document and package hooks (CTEX)
)
(/usr/local/texlive/2025/texmf-dist/tex/latex/l3packages/xtemplate/xtemplate.st
y
Package: xtemplate 2024-08-16 L3 Experimental prototype document functions
)
\l__xeCJK_tmp_int=\count310
\l__xeCJK_tmp_box=\box64
\l__xeCJK_tmp_dim=\dimen175
\l__xeCJK_tmp_skip=\skip62
\g__xeCJK_space_factor_int=\count311
\l__xeCJK_begin_int=\count312
\l__xeCJK_end_int=\count313
\c__xeCJK_CJK_class_int=\XeTeXcharclass1
\c__xeCJK_FullLeft_class_int=\XeTeXcharclass2
\c__xeCJK_FullRight_class_int=\XeTeXcharclass3
\c__xeCJK_HalfLeft_class_int=\XeTeXcharclass4
\c__xeCJK_HalfRight_class_int=\XeTeXcharclass5
\c__xeCJK_NormalSpace_class_int=\XeTeXcharclass6
\c__xeCJK_CM_class_int=\XeTeXcharclass7
\c__xeCJK_HangulJamo_class_int=\XeTeXcharclass8
\l__xeCJK_last_skip=\skip63
\c__xeCJK_none_node=\count314
\g__xeCJK_node_int=\count315
\c__xeCJK_CJK_node_dim=\dimen176
\c__xeCJK_CJK-space_node_dim=\dimen177
\c__xeCJK_default_node_dim=\dimen178
\c__xeCJK_CJK-widow_node_dim=\dimen179
\c__xeCJK_normalspace_node_dim=\dimen180
\c__xeCJK_default-space_node_skip=\skip64
\l__xeCJK_ccglue_skip=\skip65
\l__xeCJK_ecglue_skip=\skip66
\l__xeCJK_punct_kern_skip=\skip67
\l__xeCJK_indent_box=\box65
\l__xeCJK_last_penalty_int=\count316
\l__xeCJK_last_bound_dim=\dimen181
\l__xeCJK_last_kern_dim=\dimen182
\l__xeCJK_widow_penalty_int=\count317

LaTeX template Info: Declaring template type 'xeCJK/punctuation' taking 0
(template)           argument(s) on line 2396.

\l__xeCJK_fixed_punct_width_dim=\dimen183
\l__xeCJK_mixed_punct_width_dim=\dimen184
\l__xeCJK_middle_punct_width_dim=\dimen185
\l__xeCJK_fixed_margin_width_dim=\dimen186
\l__xeCJK_mixed_margin_width_dim=\dimen187
\l__xeCJK_middle_margin_width_dim=\dimen188
\l__xeCJK_bound_punct_width_dim=\dimen189
\l__xeCJK_bound_margin_width_dim=\dimen190
\l__xeCJK_margin_minimum_dim=\dimen191
\l__xeCJK_kerning_total_width_dim=\dimen192
\l__xeCJK_same_align_margin_dim=\dimen193
\l__xeCJK_different_align_margin_dim=\dimen194
\l__xeCJK_kerning_margin_width_dim=\dimen195
\l__xeCJK_kerning_margin_minimum_dim=\dimen196
\l__xeCJK_bound_dim=\dimen197
\l__xeCJK_reverse_bound_dim=\dimen198
\l__xeCJK_margin_dim=\dimen199
\l__xeCJK_minimum_bound_dim=\dimen256
\l__xeCJK_kerning_margin_dim=\dimen257
\g__xeCJK_family_int=\count318
\l__xeCJK_fam_int=\count319
\g__xeCJK_fam_allocation_int=\count320
\l__xeCJK_verb_case_int=\count321
\l__xeCJK_verb_exspace_skip=\skip68
 (/usr/local/texlive/2025/texmf-dist/tex/latex/fontspec/fontspec.sty
(/usr/local/texlive/2025/texmf-dist/tex/latex/l3packages/xparse/xparse.sty
Package: xparse 2024-08-16 L3 Experimental document command parser
)
Package: fontspec 2024/05/11 v2.9e Font selection for XeLaTeX and LuaLaTeX

(/usr/local/texlive/2025/texmf-dist/tex/latex/fontspec/fontspec-xetex.sty
Package: fontspec-xetex 2024/05/11 v2.9e Font selection for XeLaTeX and LuaLaTe
X
\l__fontspec_script_int=\count322
\l__fontspec_language_int=\count323
\l__fontspec_strnum_int=\count324
\l__fontspec_tmp_int=\count325
\l__fontspec_tmpa_int=\count326
\l__fontspec_tmpb_int=\count327
\l__fontspec_tmpc_int=\count328
\l__fontspec_em_int=\count329
\l__fontspec_emdef_int=\count330
\l__fontspec_strong_int=\count331
\l__fontspec_strongdef_int=\count332
\l__fontspec_tmpa_dim=\dimen258
\l__fontspec_tmpb_dim=\dimen259
\l__fontspec_tmpc_dim=\dimen260

(/usr/local/texlive/2025/texmf-dist/tex/latex/base/fontenc.sty
Package: fontenc 2024/12/21 v2.1c Standard LaTeX package
)
(/usr/local/texlive/2025/texmf-dist/tex/latex/fontspec/fontspec.cfg)))
(/usr/local/texlive/2025/texmf-dist/tex/xelatex/xecjk/xeCJK.cfg
File: xeCJK.cfg 2022/08/05 v3.9.1 Configuration file for xeCJK package
))

Package fontspec Info: 
(fontspec)             Script 'CJK' not explicitly supported within font
(fontspec)             'STSong'. Check the typeset output, and if it is okay
(fontspec)             then ignore this warning. Otherwise a different font
(fontspec)             should be chosen.


Package fontspec Info: 
(fontspec)             Font family 'STSong(0)' created for font 'STSong' with
(fontspec)             options
(fontspec)             [Script={CJK},AutoFakeBold={4},AutoFakeSlant={0.167}].
(fontspec)              
(fontspec)              This font family consists of the following NFSS
(fontspec)             series/shapes:
(fontspec)              
(fontspec)             - 'normal' (m/n) with NFSS spec.:
(fontspec)             <->"STSong/OT:script=hani;language=dflt;"
(fontspec)             - 'bold' (b/n) with NFSS spec.:
(fontspec)             <->"STSong/OT:script=hani;language=dflt;embolden=4;"
(fontspec)             - 'italic' (m/it) with NFSS spec.:
(fontspec)             <->"STSong/OT:script=hani;language=dflt;slant=0.167;"
(fontspec)             - 'bold italic' (b/it) with NFSS spec.:
(fontspec)             <->"STSong/OT:script=hani;language=dflt;embolden=4;slant
=0.167;"


(/usr/local/texlive/2025/texmf-dist/tex/latex/footmisc/footmisc.sty
Package: footmisc 2025/05/09 v7.0b a miscellany of footnote facilities
\FN@temptoken=\toks20
\footnotemargin=\dimen261
Package footmisc Info: Declaring symbol style bringhurst on input line 549.
Package footmisc Info: Declaring symbol style chicago on input line 557.
Package footmisc Info: Declaring symbol style wiley on input line 566.
Package footmisc Info: Declaring symbol style lamport-robust on input line 577.

Package footmisc Info: Declaring symbol style lamport* on input line 597.
Package footmisc Info: Declaring symbol style lamport*-robust on input line 618
.
)
(/usr/local/texlive/2025/texmf-dist/tex/latex/enumitem/enumitem.sty
Package: enumitem 2025/02/06 v3.11 Customized lists
\labelindent=\skip69
\enit@outerparindent=\dimen262
\enit@toks=\toks21
\enit@inbox=\box66
\enit@count@id=\count333
\enitdp@description=\count334
)
(/usr/local/texlive/2025/texmf-dist/tex/latex/caption/subcaption.sty
Package: subcaption 2023/07/28 v1.6b Sub-captions (AR)

(/usr/local/texlive/2025/texmf-dist/tex/latex/caption/caption.sty
Package: caption 2023/08/05 v3.6o Customizing captions (AR)

(/usr/local/texlive/2025/texmf-dist/tex/latex/caption/caption3.sty
Package: caption3 2023/07/31 v2.4d caption3 kernel (AR)
\caption@tempdima=\dimen263
\captionmargin=\dimen264
\caption@leftmargin=\dimen265
\caption@rightmargin=\dimen266
\caption@width=\dimen267
\caption@indent=\dimen268
\caption@parindent=\dimen269
\caption@hangindent=\dimen270
Package caption Info: Unknown document class (or package),
(caption)             standard defaults will be used.
Package caption Info: \@makecaption = \long macro:#1#2->\let \@conttempa \relax
 \ifdim \prevdepth >-99\p@ \vskip \abovecaptionskip \else \def \@conttempa {\vb
ox to\topskip {}}\fi \let \@contfnote \footnote \renewcommand {\footnote }[2][]
{} \let \@contfmark \footnotemark \renewcommand {\footnotemark }[1][]{} \let \@
contlabel \label \renewcommand {\label }[1]{} \sbox \@tempboxa {\@contnfont #1\
@contdelim \@conttfont #2} \let \footnote \@contfnote \let \footnotemark \@cont
fmark \let \label \@contlabel \ifdim \wd \@tempboxa <\linewidth \centering \fi 
\if@contcw \centering \parbox {\@contcwidth }{\fi \if@conthang \sbox \@tempboxa
 {\@contnfont #1\@contdelim } \@contpre {\@contnfont #1\@contdelim }\@conttempa
 {\@contcstyle \hangindent =\wd \@tempboxa \hangafter =\@ne \@conttfont #2\par 
} \else \if@contindent \@contpre {\@contnfont #1\@contdelim }\@conttempa {\@con
tcstyle \hangindent =\@contindw \hangafter =\@ne \@conttfont #2\par } \else \@c
ontpre {\@contnfont #1\@contdelim }\@conttempa {\@contcstyle \@conttfont #2\par
 } \fi \fi \@contpost \if@contcw \par } \fi \vskip \belowcaptionskip  on input 
line 1175.
)

Package caption Warning: Unknown document class (or package),
(caption)                standard defaults will be used.
See the caption package documentation for explanation.

\c@caption@flags=\count335
\c@continuedfloat=\count336
Package caption Info: picins package is loaded.
)
Package caption Info: New subtype `subfigure' on input line 238.
\c@subfigure=\count337
Package caption Info: New subtype `subtable' on input line 238.
\c@subtable=\count338
) (/usr/local/texlive/2025/texmf-dist/tex/latex/url/url.sty
\Urlmuskip=\muskip17
Package: url 2013/09/16  ver 3.4  Verb mode for urls, etc.
)
(/usr/local/texlive/2025/texmf-dist/tex/latex/multirow/multirow.sty
Package: multirow 2024/11/12 v2.9 Span multiple rows of a table
\multirow@colwidth=\skip70
\multirow@cntb=\count339
\multirow@dima=\skip71
\bigstrutjot=\dimen271
)
(/usr/local/texlive/2025/texmf-dist/tex/latex/tools/multicol.sty
Package: multicol 2025/05/25 v2.0a multicolumn formatting (FMi)
\c@tracingmulticols=\count340
\mult@box=\box67
\multicol@leftmargin=\dimen272
\c@unbalance=\count341
\c@collectmore=\count342
\doublecol@number=\count343
\multicoltolerance=\count344
\multicolpretolerance=\count345
\full@width=\dimen273
\page@free=\dimen274
\premulticols=\dimen275
\postmulticols=\dimen276
\multicolsep=\skip72
\multicolbaselineskip=\skip73
\partial@page=\box68
\last@line=\box69
\mc@boxedresult=\box70
\maxbalancingoverflow=\dimen277
\mult@rightbox=\box71
\mult@grightbox=\box72
\mult@firstbox=\box73
\mult@gfirstbox=\box74
\@tempa=\box75
\@tempa=\box76
\@tempa=\box77
\@tempa=\box78
\@tempa=\box79
\@tempa=\box80
\@tempa=\box81
\@tempa=\box82
\@tempa=\box83
\@tempa=\box84
\@tempa=\box85
\@tempa=\box86
\@tempa=\box87
\@tempa=\box88
\@tempa=\box89
\@tempa=\box90
\@tempa=\box91
\@tempa=\box92
\@tempa=\box93
\@tempa=\box94
\@tempa=\box95
\@tempa=\box96
\@tempa=\box97
\@tempa=\box98
\@tempa=\box99
\@tempa=\box100
\@tempa=\box101
\@tempa=\box102
\@tempa=\box103
\@tempa=\box104
\@tempa=\box105
\@tempa=\box106
\@tempa=\box107
\@tempa=\box108
\@tempa=\box109
\@tempa=\box110
\c@minrows=\count346
\c@columnbadness=\count347
\c@finalcolumnbadness=\count348
\last@try=\dimen278
\multicolovershoot=\dimen279
\multicolundershoot=\dimen280
\mult@nat@firstbox=\box111
\colbreak@box=\box112
\mc@col@check@num=\count349
\g__mc_curr_col_int=\count350
)
(/usr/local/texlive/2025/texmf-dist/tex/latex/cite/cite.sty
LaTeX Info: Redefining \cite on input line 302.
LaTeX Info: Redefining \nocite on input line 332.
Package: cite 2015/02/27  v 5.5
)
(/usr/local/texlive/2025/texmf-dist/tex/latex/amsmath/amsmath.sty
Package: amsmath 2025/06/16 v2.17y AMS math features
\@mathmargin=\skip74

For additional information on amsmath, use the `?' option.
(/usr/local/texlive/2025/texmf-dist/tex/latex/amsmath/amstext.sty
Package: amstext 2024/11/17 v2.01 AMS text

(/usr/local/texlive/2025/texmf-dist/tex/latex/amsmath/amsgen.sty
File: amsgen.sty 1999/11/30 v2.0 generic functions
\@emptytoks=\toks22
\ex@=\dimen281
))
(/usr/local/texlive/2025/texmf-dist/tex/latex/amsmath/amsbsy.sty
Package: amsbsy 1999/11/29 v1.2d Bold Symbols
LaTeX Info: Redefining \boldsymbol on input line 28.
\pmbraise@=\dimen282
)
(/usr/local/texlive/2025/texmf-dist/tex/latex/amsmath/amsopn.sty
Package: amsopn 2022/04/08 v2.04 operator names
)
\inf@bad=\count351
LaTeX Info: Redefining \frac on input line 233.
\uproot@=\count352
\leftroot@=\count353
LaTeX Info: Redefining \overline on input line 398.
LaTeX Info: Redefining \colon on input line 409.
\classnum@=\count354
\DOTSCASE@=\count355
LaTeX Info: Redefining \ldots on input line 495.
LaTeX Info: Redefining \dots on input line 498.
LaTeX Info: Redefining \cdots on input line 619.
\Mathstrutbox@=\box113
\strutbox@=\box114
LaTeX Info: Redefining \big on input line 721.
LaTeX Info: Redefining \Big on input line 722.
LaTeX Info: Redefining \bigg on input line 723.
LaTeX Info: Redefining \Bigg on input line 724.
\big@size=\dimen283
LaTeX Font Info:    Redeclaring font encoding OML on input line 742.
LaTeX Font Info:    Redeclaring font encoding OMS on input line 743.
\macc@depth=\count356
LaTeX Info: Redefining \bmod on input line 904.
LaTeX Info: Redefining \pmod on input line 909.
LaTeX Info: Redefining \smash on input line 939.
LaTeX Info: Redefining \relbar on input line 969.
LaTeX Info: Redefining \Relbar on input line 970.
\c@MaxMatrixCols=\count357
\dotsspace@=\muskip18
\c@parentequation=\count358
\dspbrk@lvl=\count359
\tag@help=\toks23
\row@=\count360
\column@=\count361
\maxfields@=\count362
\andhelp@=\toks24
\eqnshift@=\dimen284
\alignsep@=\dimen285
\tagshift@=\dimen286
\tagwidth@=\dimen287
\totwidth@=\dimen288
\lineht@=\dimen289
\@envbody=\toks25
\multlinegap=\skip75
\multlinetaggap=\skip76
\mathdisplay@stack=\toks26
LaTeX Info: Redefining \[ on input line 2949.
LaTeX Info: Redefining \] on input line 2950.
)
(/usr/local/texlive/2025/texmf-dist/tex/latex/amscls/amsthm.sty
Package: amsthm 2020/05/29 v2.20.6
\thm@style=\toks27
\thm@bodyfont=\toks28
\thm@headfont=\toks29
\thm@notefont=\toks30
\thm@headpunct=\toks31
\thm@preskip=\skip77
\thm@postskip=\skip78
\thm@headsep=\skip79
\dth@everypar=\toks32
)
(/usr/local/texlive/2025/texmf-dist/tex/latex/siunitx/siunitx.sty
Package: siunitx 2025-05-22 v3.4.12 A comprehensive (SI) units package
\l__siunitx_number_uncert_offset_int=\count363
\l__siunitx_number_exponent_fixed_int=\count364
\l__siunitx_number_min_decimal_int=\count365
\l__siunitx_number_min_integer_int=\count366
\l__siunitx_number_round_precision_int=\count367
\l__siunitx_number_lower_threshold_int=\count368
\l__siunitx_number_upper_threshold_int=\count369
\l__siunitx_number_group_first_int=\count370
\l__siunitx_number_group_size_int=\count371
\l__siunitx_number_group_minimum_int=\count372
\l__siunitx_angle_tmp_dim=\dimen290
\l__siunitx_angle_marker_box=\box115
\l__siunitx_angle_unit_box=\box116
\l__siunitx_compound_count_int=\count373

(/usr/local/texlive/2025/texmf-dist/tex/latex/translations/translations.sty
Package: translations 2022/02/05 v1.12 internationalization of LaTeX2e packages
 (CN)

(/usr/local/texlive/2025/texmf-dist/tex/latex/etoolbox/etoolbox.sty
Package: etoolbox 2025/02/11 v2.5l e-TeX tools for LaTeX (JAW)
\etb@tempcnta=\count374
)
(/usr/local/texlive/2025/texmf-dist/tex/generic/pdftexcmds/pdftexcmds.sty
Package: pdftexcmds 2020-06-27 v0.33 Utility functions of pdfTeX for LuaTeX (HO
)

(/usr/local/texlive/2025/texmf-dist/tex/generic/infwarerr/infwarerr.sty
Package: infwarerr 2019/12/03 v1.5 Providing info/warning/error messages (HO)
)
(/usr/local/texlive/2025/texmf-dist/tex/generic/iftex/iftex.sty
Package: iftex 2024/12/12 v1.0g TeX engine tests
)
(/usr/local/texlive/2025/texmf-dist/tex/generic/ltxcmds/ltxcmds.sty
Package: ltxcmds 2023-12-04 v1.26 LaTeX kernel commands for general use (HO)
)
Package pdftexcmds Info: \pdf@primitive is available.
Package pdftexcmds Info: \pdf@ifprimitive is available.
Package pdftexcmds Info: \pdfdraftmode not found.
))
\l__siunitx_table_tmp_box=\box117
\l__siunitx_table_tmp_dim=\dimen291
\l__siunitx_table_column_width_dim=\dimen292
\l__siunitx_table_integer_box=\box118
\l__siunitx_table_decimal_box=\box119
\l__siunitx_table_uncert_box=\box120
\l__siunitx_table_before_box=\box121
\l__siunitx_table_after_box=\box122
\l__siunitx_table_before_dim=\dimen293
\l__siunitx_table_carry_dim=\dimen294
\l__siunitx_unit_tmp_int=\count375
\l__siunitx_unit_position_int=\count376
\l__siunitx_unit_total_int=\count377

(/usr/local/texlive/2025/texmf-dist/tex/latex/tools/array.sty
Package: array 2025/06/08 v2.6j Tabular extension package (FMi)
\col@sep=\dimen295
\ar@mcellbox=\box123
\extrarowheight=\dimen296
\NC@list=\toks33
\extratabsurround=\skip80
\backup@length=\skip81
\ar@cellbox=\box124
))
(/usr/local/texlive/2025/texmf-dist/tex/latex/amsfonts/amssymb.sty
Package: amssymb 2013/01/14 v3.01 AMS font symbols

(/usr/local/texlive/2025/texmf-dist/tex/latex/amsfonts/amsfonts.sty
Package: amsfonts 2013/01/14 v3.01 Basic AMSFonts support
\symAMSa=\mathgroup7
\symAMSb=\mathgroup8
LaTeX Font Info:    Redeclaring math symbol \hbar on input line 98.
LaTeX Font Info:    Overwriting math alphabet `\mathfrak' in version `bold'
(Font)                  U/euf/m/n --> U/euf/b/n on input line 106.
))
(/usr/local/texlive/2025/texmf-dist/tex/latex/booktabs/booktabs.sty
Package: booktabs 2020/01/12 v1.61803398 Publication quality tables
\heavyrulewidth=\dimen297
\lightrulewidth=\dimen298
\cmidrulewidth=\dimen299
\belowrulesep=\dimen300
\belowbottomsep=\dimen301
\aboverulesep=\dimen302
\abovetopsep=\dimen303
\cmidrulesep=\dimen304
\cmidrulekern=\dimen305
\defaultaddspace=\dimen306
\@cmidla=\count378
\@cmidlb=\count379
\@aboverulesep=\dimen307
\@belowrulesep=\dimen308
\@thisruleclass=\count380
\@lastruleclass=\count381
\@thisrulewidth=\dimen309
)
(/usr/local/texlive/2025/texmf-dist/tex/latex/graphics/color.sty
Package: color 2025/01/14 v1.3e Standard LaTeX Color (DPC)

(/usr/local/texlive/2025/texmf-dist/tex/latex/graphics-cfg/color.cfg
File: color.cfg 2016/01/02 v1.6 sample color configuration
)
Package color Info: Driver file: xetex.def on input line 149.

(/usr/local/texlive/2025/texmf-dist/tex/latex/graphics/mathcolor.ltx))
(/usr/local/texlive/2025/texmf-dist/tex/latex/float/float.sty
Package: float 2001/11/08 v1.3d Float enhancements (AL)
\c@float@type=\count382
\float@exts=\toks34
\float@box=\box125
\@float@everytoks=\toks35
\@floatcapt=\box126
)
(/usr/local/texlive/2025/texmf-dist/tex/latex/fancyhdr/fancyhdr.sty
Package: fancyhdr 2025/02/07 v5.2 Extensive control of page headers and footers

\f@nch@headwidth=\skip82
\f@nch@offset@elh=\skip83
\f@nch@offset@erh=\skip84
\f@nch@offset@olh=\skip85
\f@nch@offset@orh=\skip86
\f@nch@offset@elf=\skip87
\f@nch@offset@erf=\skip88
\f@nch@offset@olf=\skip89
\f@nch@offset@orf=\skip90
\f@nch@height=\skip91
\f@nch@footalignment=\skip92
\f@nch@widthL=\skip93
\f@nch@widthC=\skip94
\f@nch@widthR=\skip95
\@temptokenb=\toks36
)
(/usr/local/texlive/2025/texmf-dist/tex/latex/xcolor/xcolor.sty
Package: xcolor 2024/09/29 v3.02 LaTeX color extensions (UK)

(/usr/local/texlive/2025/texmf-dist/tex/latex/graphics-cfg/color.cfg
File: color.cfg 2016/01/02 v1.6 sample color configuration
)
Package xcolor Info: Driver file: xetex.def on input line 274.
LaTeX Info: Redefining \color on input line 762.

(/usr/local/texlive/2025/texmf-dist/tex/latex/graphics/mathcolor.ltx)
Package xcolor Info: Model `cmy' substituted by `cmy0' on input line 1349.
Package xcolor Info: Model `RGB' extended on input line 1365.
Package xcolor Info: Model `HTML' substituted by `rgb' on input line 1367.
Package xcolor Info: Model `Hsb' substituted by `hsb' on input line 1368.
Package xcolor Info: Model `tHsb' substituted by `hsb' on input line 1369.
Package xcolor Info: Model `HSB' substituted by `hsb' on input line 1370.
Package xcolor Info: Model `Gray' substituted by `gray' on input line 1371.
Package xcolor Info: Model `wave' substituted by `hsb' on input line 1372.
)
(/usr/local/texlive/2025/texmf-dist/tex/latex/sttools/stfloats.sty
Package: stfloats 2025/06/18 v3.4 Improve float mechanism and baselineskip sett
ings
\@dblbotnum=\count383
\c@dblbotnumber=\count384
)
(/usr/local/texlive/2025/texmf-dist/tex/latex/comment/comment.sty
\CommentStream=\write3

Excluding comment 'comment')
(/usr/local/texlive/2025/texmf-dist/tex/latex/sttools/cuted.sty
Package: cuted 2025/06/18 v2.5 Mixing onecolumn and twocolumn modes (ST)
\At@ViperColsBreak=\toks37
\preCutedStrip=\toks38
\postCutedStrip=\toks39
\cuted@@tempbox@a=\box127
\cuted@@tempbox@c=\box128
\cuted@@tempbox@var=\box129
\cuted@@varbox@a=\box130
\cuted@@varbox@c=\box131
\cuted@@tempdim@spread=\dimen310
\cuted@@tempdim@a=\dimen311
\cuted@@tempdim@b=\dimen312
\ht@hold@viper=\dimen313
\ht@viper=\dimen314
\var@@pagediscards@ht=\dimen315
\stripsep=\skip96
\viper@penalty=\count385
\strip@page@discards=\dimen316
)
(./captionhack.sty)
(/usr/local/texlive/2025/texmf-dist/tex/latex/epstopdf-pkg/epstopdf.sty
Package: epstopdf 2020-01-24 v2.11 Conversion with epstopdf on the fly (HO)

(/usr/local/texlive/2025/texmf-dist/tex/latex/grfext/grfext.sty
Package: grfext 2019/12/03 v1.3 Manage graphics extensions (HO)

(/usr/local/texlive/2025/texmf-dist/tex/generic/kvdefinekeys/kvdefinekeys.sty
Package: kvdefinekeys 2019-12-19 v1.6 Define keys (HO)
)) (/usr/local/texlive/2025/texmf-dist/tex/latex/kvoptions/kvoptions.sty
Package: kvoptions 2022-06-15 v3.15 Key value format for package options (HO)

(/usr/local/texlive/2025/texmf-dist/tex/latex/kvsetkeys/kvsetkeys.sty
Package: kvsetkeys 2022-10-05 v1.19 Key value parser (HO)
))
(/usr/local/texlive/2025/texmf-dist/tex/latex/epstopdf-pkg/epstopdf-base.sty
Package: epstopdf-base 2020-01-24 v2.11 Base part for package epstopdf


Package epstopdf Warning: Drivers other than `pdftex' and `luatex' are not supp
orted.

)) (/usr/local/texlive/2025/texmf-dist/tex/latex/gbt7714/gbt7714.sty
Package: gbt7714 2025/06/22 v2.1.8 GB/T 7714 BibTeX Style

(/usr/local/texlive/2025/texmf-dist/tex/latex/natbib/natbib.sty
Package: natbib 2010/09/13 8.31b (PWD, AO)


Package natbib Warning: The `cite' package should not be used
(natbib)                with natbib. Use option `sort' instead.

\bibhang=\skip97
\bibsep=\skip98
LaTeX Info: Redefining \cite on input line 694.
LaTeX Info: Redefining \citenum on input line 708.
\c@NAT@ctr=\count386
)) (/usr/local/texlive/2025/texmf-dist/tex/latex/braket/braket.sty)
(/usr/local/texlive/2025/texmf-dist/tex/latex/algorithms/algorithm.sty
Invalid UTF-8 byte or sequence at line 11 replaced by U+FFFD.
Package: algorithm 2009/08/24 v0.1 Document Style `algorithm' - floating enviro
nment
\@float@every@algorithm=\toks40
\c@algorithm=\count387
)
(/usr/local/texlive/2025/texmf-dist/tex/latex/algorithmicx/algpseudocode.sty
Package: algpseudocode 

(/usr/local/texlive/2025/texmf-dist/tex/latex/algorithmicx/algorithmicx.sty
Package: algorithmicx 2005/04/27 v1.2 Algorithmicx

Document Style algorithmicx 1.2 - a greatly improved `algorithmic' style
\c@ALG@line=\count388
\c@ALG@rem=\count389
\c@ALG@nested=\count390
\ALG@tlm=\skip99
\ALG@thistlm=\skip100
\c@ALG@Lnr=\count391
\c@ALG@blocknr=\count392
\c@ALG@storecount=\count393
\c@ALG@tmpcounter=\count394
\ALG@tmplength=\skip101
)
Document Style - pseudocode environments for use with the `algorithmicx' style
) (/usr/local/texlive/2025/texmf-dist/tex/generic/xypic/xy.sty
(/usr/local/texlive/2025/texmf-dist/tex/generic/xypic/xy.tex Bootstrap'ing:
catcodes, docmode,
(/usr/local/texlive/2025/texmf-dist/tex/generic/xypic/xyrecat.tex)
(/usr/local/texlive/2025/texmf-dist/tex/generic/xypic/xyidioms.tex)

 Xy-pic version 3.8.9 <2013/10/06>
 Copyright (c) 1991-2013 by Kristoffer H. Rose <krisrose@tug.org> and others
 Xy-pic is free software: see the User's Guide for details.

Loading kernel: messages; fonts; allocations: state,
\X@c=\dimen317
\Y@c=\dimen318
\U@c=\dimen319
\D@c=\dimen320
\L@c=\dimen321
\R@c=\dimen322
\Edge@c=\toks41
\X@p=\dimen323
\Y@p=\dimen324
\U@p=\dimen325
\D@p=\dimen326
\L@p=\dimen327
\R@p=\dimen328
\Edge@p=\toks42
\X@origin=\dimen329
\Y@origin=\dimen330
\X@xbase=\dimen331
\Y@xbase=\dimen332
\X@ybase=\dimen333
\Y@ybase=\dimen334
\X@min=\dimen335
\Y@min=\dimen336
\X@max=\dimen337
\Y@max=\dimen338
\lastobjectbox@=\box132
\zerodotbox@=\box133
\almostz@=\dimen339
 direction,
\d@X=\dimen340
\d@Y=\dimen341
\K@=\count395
\KK@=\count396
\Direction=\count397
\K@dXdY=\dimen342
\K@dYdX=\dimen343
\xyread@=\read2
\xywrite@=\write4
\csp@=\count398
\quotPTK@=\dimen344

utility macros; pictures: \xy, positions,
\swaptoks@@=\toks43
\connectobjectbox@@=\box134
 objects,
\styletoks@=\toks44
 decorations;
kernel objects: directionals, circles, text; options; algorithms: directions,
edges, connections;  Xy-pic loaded)
(/usr/local/texlive/2025/texmf-dist/tex/generic/iftex/ifpdf.sty
Package: ifpdf 2019/10/25 v3.4 ifpdf legacy package. Use iftex instead.
)
Package: xy 2013/10/06 Xy-pic version 3.8.9

(/usr/local/texlive/2025/texmf-dist/tex/generic/xypic/xyall.tex
 Xy-pic option: All features v.3.8
(/usr/local/texlive/2025/texmf-dist/tex/generic/xypic/xycurve.tex
 Xy-pic option: Curve and Spline extension v.3.12 curve,
\crv@cnt@=\count399
\crvpts@=\toks45
\splinebox@=\box135
\splineval@=\dimen345
\splinedepth@=\dimen346
\splinetol@=\dimen347
\splinelength@=\dimen348
 circles,
\L@=\dimen349
 loaded)
(/usr/local/texlive/2025/texmf-dist/tex/generic/xypic/xyframe.tex
 Xy-pic option: Frame and Bracket extension v.3.14 loaded)
(/usr/local/texlive/2025/texmf-dist/tex/generic/xypic/xycmtip.tex
 Xy-pic option: Computer Modern tip extension v.3.7
(/usr/local/texlive/2025/texmf-dist/tex/generic/xypic/xytips.tex
 Xy-pic option: More Tips extension v.3.11 loaded) loaded)
(/usr/local/texlive/2025/texmf-dist/tex/generic/xypic/xyline.tex
 Xy-pic option: Line styles extension v.3.10
\xylinethick@=\dimen350
 loaded)
(/usr/local/texlive/2025/texmf-dist/tex/generic/xypic/xyrotate.tex
 Xy-pic option: Rotate and Scale extension v.3.8 loaded)
(/usr/local/texlive/2025/texmf-dist/tex/generic/xypic/xycolor.tex
 Xy-pic option: Colour extension v.3.11 loaded)
(/usr/local/texlive/2025/texmf-dist/tex/generic/xypic/xymatrix.tex
 Xy-pic option: Matrix feature v.3.14
\Row=\count400
\Col=\count401
\queue@=\toks46
\queue@@=\toks47
\qcount@=\count402
\qcount@@=\count403
\matrixsize@=\count404
 loaded)
(/usr/local/texlive/2025/texmf-dist/tex/generic/xypic/xyarrow.tex
 Xy-pic option: Arrow and Path feature v.3.9 path, \ar, loaded)
(/usr/local/texlive/2025/texmf-dist/tex/generic/xypic/xygraph.tex
 Xy-pic option: Graph feature v.3.11 loaded) loaded))
(/usr/local/texlive/2025/texmf-dist/tex/generic/xypic/xymatrix.tex
 Xy-pic option: Matrix feature v.3.14 not reloaded)
(/usr/local/texlive/2025/texmf-dist/tex/latex/qcircuit/qcircuit.sty
Package: qcircuit 2018/08/14

(/usr/local/texlive/2025/texmf-dist/tex/generic/xypic/xymatrix.tex
 Xy-pic option: Matrix feature v.3.14 not reloaded)
(/usr/local/texlive/2025/texmf-dist/tex/generic/xypic/xyframe.tex
 Xy-pic option: Frame and Bracket extension v.3.14 not reloaded)
(/usr/local/texlive/2025/texmf-dist/tex/generic/xypic/xyarrow.tex
 Xy-pic option: Arrow and Path feature v.3.9 not reloaded)
(/usr/local/texlive/2025/texmf-dist/tex/generic/xypic/xyarc.tex
 Xy-pic option: Circle, Ellipse, Arc feature v.3.8 circles, ellipses,
elliptical arcs, loaded)

Package Qcircuit Warning: qcircuit is not loading in PDF mode. Activating all X
y-pic features to compensate. If you wish to use specific drivers for Xy-pic, y
ou must modify the code in qcircuit.sty.

(/usr/local/texlive/2025/texmf-dist/tex/generic/xypic/xyall.tex
 Xy-pic option: All features v.3.8 not reloaded))
Package translations Info: No language package found. I am going to use `englis
h' as default language. on input line 134.


LaTeX Warning: Unused global option(s):
    [10.5pt,journal].

(build/main_templete.aux

LaTeX Warning: Label `fig:三组对比' multiply defined.


LaTeX Warning: Label `fig:三组对比' multiply defined.


LaTeX Warning: Label `fig:三组对比' multiply defined.


LaTeX Warning: Label `fig:三组对比' multiply defined.


LaTeX Warning: Label `fig:三组对比' multiply defined.

)
\openout1 = `main_templete.aux'.

LaTeX Font Info:    Checking defaults for OML/cmm/m/it on input line 134.
LaTeX Font Info:    ... okay on input line 134.
LaTeX Font Info:    Checking defaults for OMS/cmsy/m/n on input line 134.
LaTeX Font Info:    ... okay on input line 134.
LaTeX Font Info:    Checking defaults for OT1/cmr/m/n on input line 134.
LaTeX Font Info:    ... okay on input line 134.
LaTeX Font Info:    Checking defaults for T1/cmr/m/n on input line 134.
LaTeX Font Info:    ... okay on input line 134.
LaTeX Font Info:    Checking defaults for TS1/cmr/m/n on input line 134.
LaTeX Font Info:    ... okay on input line 134.
LaTeX Font Info:    Checking defaults for TU/lmr/m/n on input line 134.
LaTeX Font Info:    ... okay on input line 134.
LaTeX Font Info:    Checking defaults for OMX/cmex/m/n on input line 134.
LaTeX Font Info:    ... okay on input line 134.
LaTeX Font Info:    Checking defaults for U/cmr/m/n on input line 134.
LaTeX Font Info:    ... okay on input line 134.

Package fontspec Info: 
(fontspec)             Adjusting the maths setup (use [no-math] to avoid
(fontspec)             this).

\symlegacymaths=\mathgroup9
LaTeX Font Info:    Overwriting symbol font `legacymaths' in version `bold'
(Font)                  OT1/cmr/m/n --> OT1/cmr/bx/n on input line 134.
LaTeX Font Info:    Redeclaring math accent \acute on input line 134.
LaTeX Font Info:    Redeclaring math accent \grave on input line 134.
LaTeX Font Info:    Redeclaring math accent \ddot on input line 134.
LaTeX Font Info:    Redeclaring math accent \tilde on input line 134.
LaTeX Font Info:    Redeclaring math accent \bar on input line 134.
LaTeX Font Info:    Redeclaring math accent \breve on input line 134.
LaTeX Font Info:    Redeclaring math accent \check on input line 134.
LaTeX Font Info:    Redeclaring math accent \hat on input line 134.
LaTeX Font Info:    Redeclaring math accent \dot on input line 134.
LaTeX Font Info:    Redeclaring math accent \mathring on input line 134.
LaTeX Font Info:    Redeclaring math symbol \Gamma on input line 134.
LaTeX Font Info:    Redeclaring math symbol \Delta on input line 134.
LaTeX Font Info:    Redeclaring math symbol \Theta on input line 134.
LaTeX Font Info:    Redeclaring math symbol \Lambda on input line 134.
LaTeX Font Info:    Redeclaring math symbol \Xi on input line 134.
LaTeX Font Info:    Redeclaring math symbol \Pi on input line 134.
LaTeX Font Info:    Redeclaring math symbol \Sigma on input line 134.
LaTeX Font Info:    Redeclaring math symbol \Upsilon on input line 134.
LaTeX Font Info:    Redeclaring math symbol \Phi on input line 134.
LaTeX Font Info:    Redeclaring math symbol \Psi on input line 134.
LaTeX Font Info:    Redeclaring math symbol \Omega on input line 134.
LaTeX Font Info:    Redeclaring math symbol \mathdollar on input line 134.
LaTeX Font Info:    Redeclaring symbol font `operators' on input line 134.
LaTeX Font Info:    Encoding `OT1' has changed to `TU' for symbol font
(Font)              `operators' in the math version `normal' on input line 134.

LaTeX Font Info:    Overwriting symbol font `operators' in version `normal'
(Font)                  OT1/cmr/m/n --> TU/lmr/m/n on input line 134.
LaTeX Font Info:    Encoding `OT1' has changed to `TU' for symbol font
(Font)              `operators' in the math version `bold' on input line 134.
LaTeX Font Info:    Overwriting symbol font `operators' in version `bold'
(Font)                  OT1/cmr/bx/n --> TU/lmr/m/n on input line 134.
LaTeX Font Info:    Overwriting symbol font `operators' in version `normal'
(Font)                  TU/lmr/m/n --> TU/lmr/m/n on input line 134.
LaTeX Font Info:    Overwriting math alphabet `\mathit' in version `normal'
(Font)                  OT1/cmr/m/it --> TU/lmr/m/it on input line 134.
LaTeX Font Info:    Overwriting math alphabet `\mathbf' in version `normal'
(Font)                  OT1/cmr/bx/n --> TU/lmr/b/n on input line 134.
LaTeX Font Info:    Overwriting math alphabet `\mathsf' in version `normal'
(Font)                  OT1/cmss/m/n --> TU/lmss/m/n on input line 134.
LaTeX Font Info:    Overwriting math alphabet `\mathtt' in version `normal'
(Font)                  OT1/cmtt/m/n --> TU/lmtt/m/n on input line 134.
LaTeX Font Info:    Overwriting symbol font `operators' in version `bold'
(Font)                  TU/lmr/m/n --> TU/lmr/b/n on input line 134.
LaTeX Font Info:    Overwriting math alphabet `\mathit' in version `bold'
(Font)                  OT1/cmr/bx/it --> TU/lmr/b/it on input line 134.
LaTeX Font Info:    Overwriting math alphabet `\mathsf' in version `bold'
(Font)                  OT1/cmss/bx/n --> TU/lmss/b/n on input line 134.
LaTeX Font Info:    Overwriting math alphabet `\mathtt' in version `bold'
(Font)                  OT1/cmtt/m/n --> TU/lmtt/b/n on input line 134.
Package caption Info: Begin \AtBeginDocument code.
Package caption Info: float package is loaded.
Package caption Info: End \AtBeginDocument code.

(/usr/local/texlive/2025/texmf-dist/tex/latex/translations/translations-basic-d
ictionary-english.trsl
File: translations-basic-dictionary-english.trsl (english translation file `tra
nslations-basic-dictionary')
)
Package translations Info: loading dictionary `translations-basic-dictionary' f
or `english'. on input line 134.


Package xeCJK Warning: Unknown CJK family `STHeiti' is being ignored.
(xeCJK)                
(xeCJK)                Try to use `\setCJKfamilyfont{STHeiti}[<...>]{<...>}'
(xeCJK)                to define it.

LaTeX Font Info:    Calculating math sizes for size <10.53937> on input line 19
4.

LaTeX Font Warning: Font shape `OML/cmm/m/it' in size <10.53937> not available
(Font)              size <10.95> substituted on input line 194.


LaTeX Font Warning: Font shape `OMS/cmsy/m/n' in size <10.53937> not available
(Font)              size <10.95> substituted on input line 194.


LaTeX Font Warning: Font shape `OT1/cmr/bx/n' in size <10.53937> not available
(Font)              size <10.95> substituted on input line 194.


LaTeX Font Warning: Font shape `OML/cmm/b/it' in size <10.53937> not available
(Font)              size <10.95> substituted on input line 194.


LaTeX Font Warning: Font shape `OMS/cmsy/b/n' in size <10.53937> not available
(Font)              size <10.95> substituted on input line 194.

LaTeX Font Info:    Trying to load font information for U+msa on input line 194
.
(/usr/local/texlive/2025/texmf-dist/tex/latex/amsfonts/umsa.fd
File: umsa.fd 2013/01/14 v3.01 AMS symbols A
)
LaTeX Font Info:    Trying to load font information for U+msb on input line 194
.

(/usr/local/texlive/2025/texmf-dist/tex/latex/amsfonts/umsb.fd
File: umsb.fd 2013/01/14 v3.01 AMS symbols B
)

LaTeX Font Warning: Font shape `OT1/cmr/m/n' in size <10.53937> not available
(Font)              size <10.95> substituted on input line 194.


Underfull \vbox (badness 10000) has occurred while \output is active []



[1


]
Overfull \hbox (21.84816pt too wide) in paragraph at lines 267--268
[]\TU/STSong(0)/m/n/10.53937 在 包 含 $\OML/cmm/m/it/10.95 n$ \TU/STSong(0)/m/n/10
.53937 个 量 子 比 特 的 系 统 中，|  计 算 基 态 共 有 $\OT1/cmr/m/n/10.95 2[]$ \TU/STSong(0)/
m/n/10.53937 个 相 互 正 交 的 向 量 $[] \OML/cmm/m/it/10.95 ;  [] ;  [] ;  []$\TU/lmr/
m/n/10.53937 ,
 []




Overfull \vbox (6.28189pt too high) has occurred while \output is active []


[2]
Underfull \vbox (badness 10000) has occurred while \output is active []




Overfull \hbox (2.33975pt too wide) has occurred while \output is active
[] 
 []


Overfull \vbox (6.28189pt too high) has occurred while \output is active []


[3]
Underfull \vbox (badness 10000) has occurred while \output is active []




Overfull \vbox (6.28189pt too high) has occurred while \output is active []


[4]


Overfull \hbox (2.33975pt too wide) has occurred while \output is active
[] 
 []


Overfull \vbox (6.28189pt too high) has occurred while \output is active []


[5]
Missing character: There is no 汉 (U+6C49) in font [lmroman7-regular]:mapping=te
x-text;!
Missing character: There is no 明 (U+660E) in font [lmroman10-regular]:mapping=t
ex-text;!
Missing character: There is no 距 (U+8DDD) in font [lmroman10-regular]:mapping=t
ex-text;!
Missing character: There is no 离 (U+79BB) in font [lmroman10-regular]:mapping=t
ex-text;!

Underfull \vbox (badness 10000) has occurred while \output is active []




Overfull \vbox (6.28189pt too high) has occurred while \output is active []


[6]


Overfull \hbox (2.33975pt too wide) has occurred while \output is active
[] 
 []


Overfull \vbox (6.28189pt too high) has occurred while \output is active []


[7]
Overfull \hbox (0.4398pt too wide) in paragraph at lines 597--598
[]\TU/STSong(0)/m/n/10.53937 综 合 上 面 的 分 析，|  本 算 法 时 间 开 销 为 $\OML/cmm/m/it/10
.95 O\OT1/cmr/m/n/10.95 (\OMS/cmsy/m/n/10.95 j\OML/cmm/m/it/10.95 S\OMS/cmsy/m/
n/10.95 j\OT1/cmr/m/n/10.95 ) \OMS/cmsy/m/n/10.95 ^^C \OML/cmm/m/it/10.95 O\OT1
/cmr/m/n/10.95 (\OMS/cmsy/m/n/10.95 j\OML/cmm/m/it/10.95 S\OMS/cmsy/m/n/10.95 j
\OML/cmm/m/it/10.95 n \OT1/cmr/m/n/10.95 + \OMS/cmsy/m/n/10.95 j\OML/cmm/m/it/1
0.95 S\OMS/cmsy/m/n/10.95 j\OML/cmm/m/it/10.95 n \OT1/cmr/m/n/10.95 + [] \OML/c
mm/m/it/10.95 n [][] n \OT1/cmr/m/n/10.95 + \OML/cmm/m/it/10.95 n \OT1/cmr/m/n/
10.95 + \OML/cmm/m/it/10.95 n\OT1/cmr/m/n/10.95 )$\TU/lmr/m/n/10.53937 , \TU/ST
Song(0)/m/n/10.53937 简 化 为 $\OML/cmm/m/it/10.95 O []$\TU/STSong(0)/m/n/10.53937
 。| 
 []

File: figure/CCCG_D/CCCG2CCCX.png Graphic file (type bmp)
<figure/CCCG_D/CCCG2CCCX.png>
File: figure/CCCG_D/CCCG2CCCX_1.png Graphic file (type bmp)
<figure/CCCG_D/CCCG2CCCX_1.png>

Underfull \vbox (badness 1810) has occurred while \output is active []




Overfull \vbox (6.28189pt too high) has occurred while \output is active []


[8]
File: figure/CCCG_D/all_D_CCCX _1.png Graphic file (type bmp)
<figure/CCCG_D/all_D_CCCX _1.png>

Underfull \vbox (badness 10000) has occurred while \output is active []




Overfull \hbox (2.33975pt too wide) has occurred while \output is active
[] 
 []


Overfull \vbox (6.28189pt too high) has occurred while \output is active []


[9]
Overfull \hbox (5.475pt too wide) detected at line 703
$\OT1/cmr/m/n/10.95 111$
 []


Overfull \hbox (5.475pt too wide) detected at line 703
$\OT1/cmr/m/n/10.95 1450$
 []


Overfull \hbox (5.475pt too wide) detected at line 705
$\OT1/cmr/m/n/10.95 154$
 []


Overfull \hbox (5.475pt too wide) detected at line 705
$\OT1/cmr/m/n/10.95 2279$
 []


Overfull \hbox (5.475pt too wide) detected at line 707
$\OT1/cmr/m/n/10.95 216$
 []


Overfull \hbox (5.475pt too wide) detected at line 707
$\OT1/cmr/m/n/10.95 1260$
 []


Overfull \hbox (5.475pt too wide) detected at line 707
$\OT1/cmr/m/n/10.95 3608$
 []


Overfull \hbox (7.29997pt too wide) detected at line 707
$\OT1/cmr/m/n/10.95 13 616$
 []


Overfull \hbox (3.23332pt too wide) in paragraph at lines 678--710
 [][] 
 []

File: figure/cnot_vs_n_total.png Graphic file (type bmp)
<figure/cnot_vs_n_total.png>

Package caption Warning: Cannot determine current font size.
(caption)                Try setting it with `size=' explicitly on input line 7
25.
See the caption package documentation for explanation.


Package caption Warning: Cannot determine current font size.
(caption)                Try setting it with `size=' explicitly on input line 7
25.
See the caption package documentation for explanation.

File: figure/cnot_vs_n_grid.png Graphic file (type bmp)
<figure/cnot_vs_n_grid.png>

Package caption Warning: Cannot determine current font size.
(caption)                Try setting it with `size=' explicitly on input line 7
32.
See the caption package documentation for explanation.


Package caption Warning: Cannot determine current font size.
(caption)                Try setting it with `size=' explicitly on input line 7
32.
See the caption package documentation for explanation.


Underfull \vbox (badness 10000) has occurred while \output is active []




Overfull \vbox (6.28189pt too high) has occurred while \output is active []


[10]
File: figure/cnot_total_vs_S_N10N20_allblack.png Graphic file (type bmp)
<figure/cnot_total_vs_S_N10N20_allblack.png>


Package caption Warning: Cannot determine current font size.
(caption)                Try setting it with `size=' explicitly on input line 7
49.
See the caption package documentation for explanation.


Package caption Warning: Cannot determine current font size.
(caption)                Try setting it with `size=' explicitly on input line 7
49.
See the caption package documentation for explanation.

File: figure/cnot_per_ns_vs_S_N10N20_allblack.png Graphic file (type bmp)
<figure/cnot_per_ns_vs_S_N10N20_allblack.png>

Package caption Warning: Cannot determine current font size.
(caption)                Try setting it with `size=' explicitly on input line 7
56.
See the caption package documentation for explanation.


Package caption Warning: Cannot determine current font size.
(caption)                Try setting it with `size=' explicitly on input line 7
56.
See the caption package documentation for explanation.

File: figure/cnot_total_vs_N_S10S20_allblack.png Graphic file (type bmp)
<figure/cnot_total_vs_N_S10S20_allblack.png>

Package caption Warning: Cannot determine current font size.
(caption)                Try setting it with `size=' explicitly on input line 7
73.
See the caption package documentation for explanation.


Package caption Warning: Cannot determine current font size.
(caption)                Try setting it with `size=' explicitly on input line 7
73.
See the caption package documentation for explanation.

File: figure/cnot_per_ns_vs_N_S10S20_allblack.png Graphic file (type bmp)
<figure/cnot_per_ns_vs_N_S10S20_allblack.png>

Package caption Warning: Cannot determine current font size.
(caption)                Try setting it with `size=' explicitly on input line 7
80.
See the caption package documentation for explanation.


Package caption Warning: Cannot determine current font size.
(caption)                Try setting it with `size=' explicitly on input line 7
80.
See the caption package documentation for explanation.




Overfull \hbox (2.33975pt too wide) has occurred while \output is active
[] 
 []


Overfull \vbox (6.28189pt too high) has occurred while \output is active []


[11]


Overfull \vbox (6.28189pt too high) has occurred while \output is active []


[12]
File: figure/heavyhex.png Graphic file (type bmp)
<figure/heavyhex.png>


Package caption Warning: Cannot determine current font size.
(caption)                Try setting it with `size=' explicitly on input line 7
99.
See the caption package documentation for explanation.


Package caption Warning: Cannot determine current font size.
(caption)                Try setting it with `size=' explicitly on input line 7
99.
See the caption package documentation for explanation.

File: figure/square.png Graphic file (type bmp)
<figure/square.png>

Package caption Warning: Cannot determine current font size.
(caption)                Try setting it with `size=' explicitly on input line 8
06.
See the caption package documentation for explanation.


Package caption Warning: Cannot determine current font size.
(caption)                Try setting it with `size=' explicitly on input line 8
06.
See the caption package documentation for explanation.


Underfull \vbox (badness 3375) has occurred while \output is active []




Overfull \hbox (2.33975pt too wide) has occurred while \output is active
[] 
 []


Overfull \vbox (6.28189pt too high) has occurred while \output is active []


[13] <xymatrix 13x4 2622>


Overfull \vbox (6.28189pt too high) has occurred while \output is active []


[14]

Package fontspec Info: 
(fontspec)             Script 'CJK' not explicitly supported within font
(fontspec)             'STHeiti'. Check the typeset output, and if it is okay
(fontspec)             then ignore this warning. Otherwise a different font
(fontspec)             should be chosen.


Package fontspec Info: 
(fontspec)             Font family 'STHeiti(0)' created for font 'STHeiti'
(fontspec)             with options
(fontspec)             [Script={CJK},AutoFakeBold={4},AutoFakeSlant={0.167}].
(fontspec)              
(fontspec)              This font family consists of the following NFSS
(fontspec)             series/shapes:
(fontspec)              
(fontspec)             - 'normal' (m/n) with NFSS spec.:
(fontspec)             <->"STHeiti/OT:script=hani;language=dflt;"
(fontspec)             - 'bold' (b/n) with NFSS spec.:
(fontspec)             <->"STHeiti/OT:script=hani;language=dflt;embolden=4;"
(fontspec)             - 'italic' (m/it) with NFSS spec.:
(fontspec)             <->"STHeiti/OT:script=hani;language=dflt;slant=0.167;"
(fontspec)             - 'bold italic' (b/it) with NFSS spec.:
(fontspec)             <->"STHeiti/OT:script=hani;language=dflt;embolden=4;slan
t=0.167;"

 (build/main_templete.bbl
LaTeX Font Info:    Calculating math sizes for size <9.03374> on input line 151
.


LaTeX Font Warning: Font shape `OML/cmm/m/it' in size <4.51686> not available
(Font)              size <5> substituted on input line 151.


LaTeX Font Warning: Font shape `OMS/cmsy/m/n' in size <4.51686> not available
(Font)              size <5> substituted on input line 151.


LaTeX Font Warning: Font shape `OT1/cmr/bx/n' in size <4.51686> not available
(Font)              size <5> substituted on input line 151.


LaTeX Font Warning: Font shape `OML/cmm/b/it' in size <4.51686> not available
(Font)              size <5> substituted on input line 151.


LaTeX Font Warning: Font shape `OMS/cmsy/b/n' in size <4.51686> not available
(Font)              size <5> substituted on input line 151.


LaTeX Font Warning: Font shape `OT1/cmr/m/n' in size <4.51686> not available
(Font)              size <5> substituted on input line 151.

)


Overfull \hbox (2.33975pt too wide) has occurred while \output is active
[] 
 []


Overfull \vbox (6.28189pt too high) has occurred while \output is active []


[15]


Overfull \vbox (6.28189pt too high) has occurred while \output is active []


[16]

Package fontspec Info: 
(fontspec)             Script 'CJK' not explicitly supported within font
(fontspec)             'STFangsong'. Check the typeset output, and if it is
(fontspec)             okay then ignore this warning. Otherwise a different
(fontspec)             font should be chosen.


Package fontspec Info: 
(fontspec)             Could not resolve font "STFangsong/BI" (it probably
(fontspec)             doesn't exist).


Package fontspec Info: 
(fontspec)             Could not resolve font "STFangsong/B" (it probably
(fontspec)             doesn't exist).


Package fontspec Info: 
(fontspec)             Could not resolve font "STFangsong/I" (it probably
(fontspec)             doesn't exist).


Package fontspec Info: 
(fontspec)             Font family 'STFangsong(0)' created for font
(fontspec)             'STFangsong' with options [Script={CJK}].
(fontspec)              
(fontspec)              This font family consists of the following NFSS
(fontspec)             series/shapes:
(fontspec)              
(fontspec)             - 'normal' (m/n) with NFSS spec.:
(fontspec)             <->"STFangsong/OT:script=hani;language=dflt;"

File: figure/step1.png Graphic file (type bmp)
<figure/step1.png>
File: figure/step2.png Graphic file (type bmp)
<figure/step2.png>
File: figure/circuit_n=4_s=5_time=_20251024_155703.png Graphic file (type bmp)
<figure/circuit_n=4_s=5_time=_20251024_155703.png>



Overfull \hbox (2.33975pt too wide) has occurred while \output is active
[] 
 []


Overfull \vbox (6.28189pt too high) has occurred while \output is active []


[17]


Overfull \vbox (6.28189pt too high) has occurred while \output is active []


[18] (build/main_templete.aux)
 ***********
LaTeX2e <2025-06-01> patch level 1
L3 programming layer <2022/08/05>
 ***********


LaTeX Font Warning: Size substitutions with differences
(Font)              up to 0.48314pt have occurred.


LaTeX Warning: There were multiply-defined labels.

 ) 
Here is how much of TeX's memory you used:
 19319 strings out of 468529
 448293 string characters out of 5447722
 968040 words of memory out of 5000000
 47319 multiletter control sequences out of 15000+600000
 640341 words of font info for 133 fonts, out of 8000000 for 9000
 1348 hyphenation exceptions out of 8191
 74i,26n,94p,1309b,998s stack positions out of 10000i,1000n,20000p,200000b,200000s

Output written on build/main_templete.pdf (18 pages).
